NY-CPE1#sh run
Building configuration...

Current configuration : 2114 bytes
!
version 15.4
service timestamps debug datetime msec
service timestamps log datetime msec
no service password-encryption
!
hostname NY-CPE1
!
boot-start-marker
boot-end-marker
!
aqm-register-fnf
!
!
no aaa new-model
mmi polling-interval 60
no mmi auto-configure
no mmi pvc
mmi snmp-timeout 180
no ip icmp rate-limit unreachable
!
!         
!
!
!
!


!
!
!
!
no ip domain lookup
ip cef
no ipv6 cef
!
multilink bundle-name authenticated
!
!
!
!
!
!
!
!         
!
redundancy
!
!
ip tcp synwait-time 5
! 
!
!
!
!
!
!
!
!
!
!
!
!
interface Tunnel1
 ip address 192.168.0.1 255.255.255.252
 tunnel source 203.0.113.2
 tunnel destination 203.0.113.10
!         
interface Ethernet0/0
 no ip address
 shutdown
!
interface Ethernet0/1
 no ip address
 shutdown
!
interface Ethernet0/2
 no ip address
 shutdown
!
interface Ethernet0/3
 no ip address
 shutdown
!
interface Ethernet1/0
 ip address 10.0.0.1 255.255.255.0
!
interface Ethernet1/1
 no ip address
 shutdown
!         
interface Ethernet1/2
 no ip address
 shutdown
!
interface Ethernet1/3
 no ip address
 shutdown
!
interface Serial2/0
 no ip address
 shutdown
 serial restart-delay 0
!
interface Serial2/1
 no ip address
 shutdown
 serial restart-delay 0
!
interface Serial2/2
 no ip address
 shutdown
 serial restart-delay 0
!         
interface Serial2/3
 no ip address
 shutdown
 serial restart-delay 0
!
interface Serial3/0
 bandwidth 128
 ip address 203.0.113.2 255.255.255.252
 encapsulation ppp
 ppp pap sent-username NY1 password 0 iman 
 serial restart-delay 0
!
interface Serial3/1
 no ip address
 shutdown
 serial restart-delay 0
!
interface Serial3/2
 no ip address
 shutdown
 serial restart-delay 0
!
interface Serial3/3
 no ip address
 shutdown
 serial restart-delay 0
!
router ospf 1
 network 10.0.0.1 0.0.0.0 area 0
 network 192.168.0.1 0.0.0.0 area 0
!
ip forward-protocol nd
!
!
no ip http server
no ip http secure-server
ip route 0.0.0.0 0.0.0.0 203.0.113.1
!
!
!
!
control-plane
!
!
!
!         
!
!
!
!
line con 0
 exec-timeout 0 0
 privilege level 15
 logging synchronous
line aux 0
 exec-timeout 0 0
 privilege level 15
 logging synchronous
line vty 0 4
 login
 transport input none
!
!
end

