SP1#sh run
Building configuration...

Current configuration : 2475 bytes
!
! Last configuration change at 08:50:02 UTC Mon May 16 2022
!
version 15.4
service timestamps debug datetime msec
service timestamps log datetime msec
no service password-encryption
!
hostname SP1
!
boot-start-marker
boot-end-marker
!
aqm-register-fnf
!
!
no aaa new-model
mmi polling-interval 60
no mmi auto-configure
no mmi pvc
mmi snmp-timeout 180
no ip icmp rate-limit unreachable
!
!
!
!
!
!


!
!
!
!
no ip domain lookup
ip cef
no ipv6 cef
!
multilink bundle-name authenticated
!
!
!
!
!
!         
!
!
username NY-CPE2 password 0 iman
username SP1 password 0 iman
!
redundancy
!
!
ip tcp synwait-time 5
! 
!
!
!
!
!
!
!
!
!
!
!
bba-group pppoe global
 virtual-template 1
!
!
interface Loopback1
 ip address 100.100.100.100 255.255.255.255
!
interface Ethernet0/0
 no ip address
 pppoe enable group global
!
interface Ethernet0/1
 ip address 203.0.113.13 255.255.255.252
!
interface Ethernet0/2
 no ip address
 shutdown
!
interface Ethernet0/3
 no ip address
 shutdown
!
interface Ethernet1/0
 no ip address
 shutdown 
!
interface Ethernet1/1
 no ip address
 shutdown
!
interface Ethernet1/2
 no ip address
 shutdown
!
interface Ethernet1/3
 no ip address
 shutdown
!
interface Serial2/0
 no ip address
 shutdown
 serial restart-delay 0
!
interface Serial2/1
 no ip address
 shutdown
 serial restart-delay 0
!         
interface Serial2/2
 no ip address
 shutdown
 serial restart-delay 0
!
interface Serial2/3
 no ip address
 shutdown
 serial restart-delay 0
!
interface Serial3/0
 ip address 203.0.113.1 255.255.255.252
 encapsulation ppp
 serial restart-delay 0
!
interface Serial3/1
 no ip address
 shutdown
 serial restart-delay 0
!
interface Serial3/2
 no ip address
 shutdown 
 serial restart-delay 0
!
interface Serial3/3
 no ip address
 shutdown
 serial restart-delay 0
!
interface Virtual-Template1
 mtu 1492
 ip address 203.0.113.5 255.255.255.252
 peer default ip address pool 1
 ppp authentication chap callin
!
router bgp 100
 bgp router-id 100.100.100.100
 bgp log-neighbor-changes
 network 203.0.113.0 mask 255.255.255.252
 network 203.0.113.4 mask 255.255.255.252
 neighbor 203.0.113.14 remote-as 200
 neighbor 203.0.113.14 ebgp-multihop 255
!
ip local pool 1 203.0.113.6
ip forward-protocol nd
!
!
no ip http server
no ip http secure-server
!
!
!
!
control-plane
!
!
!
!
!
!
!
!
line con 0
 exec-timeout 0 0
 privilege level 15
 logging synchronous
line aux 0
 exec-timeout 0 0
 privilege level 15
 logging synchronous
line vty 0 4
 login
 transport input none
!
!
end

