SP2#sh run
Building configuration...

Current configuration : 2397 bytes
!
version 15.4
service timestamps debug datetime msec
service timestamps log datetime msec
no service password-encryption
!
hostname SP2
!
boot-start-marker
boot-end-marker
!
aqm-register-fnf
!
!
no aaa new-model
mmi polling-interval 60
no mmi auto-configure
no mmi pvc
mmi snmp-timeout 180
no ip icmp rate-limit unreachable
!
!         
!
!
!
!


!
!
!
!
no ip domain lookup
ip cef
no ipv6 cef
!
multilink bundle-name authenticated
!
!
!
!
!
!
!
!         
username SP2 password 0 iman
username BOS-CPE password 0 iman
!
redundancy
!
!
ip tcp synwait-time 5
! 
!
!
!
!
!
!
!
!
!
!
!
!
interface Loopback1
 ip address 200.200.200.200 255.255.255.255
!         
interface Multilink1
 bandwidth 256
 ip address 203.0.113.9 255.255.255.252
 ppp authentication chap
 ppp multilink
 ppp multilink group 1
!
interface Ethernet0/0
 no ip address
 shutdown
!
interface Ethernet0/1
 ip address 203.0.113.14 255.255.255.252
!
interface Ethernet0/2
 ip address 203.0.113.17 255.255.255.252
!
interface Ethernet0/3
 no ip address
 shutdown
!
interface Ethernet1/0
 no ip address
 shutdown
!
interface Ethernet1/1
 no ip address
 shutdown
!
interface Ethernet1/2
 no ip address
 shutdown
!
interface Ethernet1/3
 no ip address
 shutdown
!
interface Serial2/0
 no ip address
 shutdown
 serial restart-delay 0
!
interface Serial2/1
 no ip address
 shutdown
 serial restart-delay 0
!
interface Serial2/2
 no ip address
 shutdown
 serial restart-delay 0
!
interface Serial2/3
 no ip address
 shutdown
 serial restart-delay 0
!
interface Serial3/0
 no ip address
 encapsulation ppp
 ppp multilink
 ppp multilink group 1
 serial restart-delay 0
!
interface Serial3/1
 no ip address
 encapsulation ppp
 ppp multilink
 ppp multilink group 1
 serial restart-delay 0
!
interface Serial3/2
 no ip address
 shutdown
 serial restart-delay 0
!
interface Serial3/3
 no ip address
 shutdown
 serial restart-delay 0
!
router bgp 200
 bgp router-id 200.200.200.200
 bgp log-neighbor-changes
 network 203.0.113.8 mask 255.255.255.252
 network 203.0.113.16 mask 255.255.255.252
 neighbor 203.0.113.13 remote-as 100
 neighbor 203.0.113.13 ebgp-multihop 255
!
ip forward-protocol nd
!
!         
no ip http server
no ip http secure-server
!
!
!
!
control-plane
!
!
!
!
!
!
!
!
line con 0
 exec-timeout 0 0
 privilege level 15
 logging synchronous
line aux 0
 exec-timeout 0 0
 privilege level 15
 logging synchronous
line vty 0 4
 login
 transport input none
!
!
end

