R1#show runn
Building configuration...

Current configuration : 1974 bytes
!
! Last configuration change at 08:10:25 UTC Sun May 8 2022
!
version 15.4
service timestamps debug datetime msec
service timestamps log datetime msec
no service password-encryption
!
hostname R1
!
boot-start-marker
boot-end-marker
!
aqm-register-fnf
!
!
no aaa new-model
mmi polling-interval 60
no mmi auto-configure
no mmi pvc
mmi snmp-timeout 180
no ip icmp rate-limit unreachable
!
!
!
!
!
!


!
!
!
!
no ip domain lookup
ip cef
no ipv6 cef
!
multilink bundle-name authenticated
!
!
!
!
!
!         
!
!
!
redundancy
!
!
ip tcp synwait-time 5
! 
!
!
!
!
!
!
!
!
!
!
!
!
interface Ethernet0/0
 ip address 10.0.0.1 255.255.255.0
!         
interface Ethernet0/1
 ip address 10.0.1.1 255.255.255.0
!
interface Ethernet0/2
 ip address 10.0.2.1 255.255.255.0
!
interface Ethernet0/3
 ip address 10.0.3.1 255.255.255.0
!
interface Ethernet1/0
 no ip address
 shutdown
!
interface Ethernet1/1
 no ip address
 shutdown
!
interface Ethernet1/2
 no ip address
 shutdown
!
interface Ethernet1/3
 no ip address
 shutdown
!
interface Serial2/0
 no ip address
 shutdown
 serial restart-delay 0
!
interface Serial2/1
 no ip address
 shutdown
 serial restart-delay 0
!
interface Serial2/2
 no ip address
 shutdown
 serial restart-delay 0
!
interface Serial2/3
 no ip address
 shutdown
 serial restart-delay 0
!
interface Serial3/0
 no ip address
 shutdown
 serial restart-delay 0
!
interface Serial3/1
 no ip address
 shutdown
 serial restart-delay 0
!
interface Serial3/2
 no ip address
 shutdown
 serial restart-delay 0
!
interface Serial3/3
 no ip address
 shutdown
 serial restart-delay 0
!
ip forward-protocol nd
!
!
no ip http server
no ip http secure-server
ip route 0.0.0.0 0.0.0.0 10.0.0.2
ip route 0.0.0.0 0.0.0.0 10.0.3.2
ip route 10.1.3.0 255.255.255.0 10.0.3.2
!
!
!
!
control-plane
!
!
!
!
!
!
!
!
line con 0
 exec-timeout 0 0
 privilege level 15
 logging synchronous
line aux 0
 exec-timeout 0 0
 privilege level 15
 logging synchronous
line vty 0 4
 login
 transport input none
!
!
end

